<?xml version="1.0" encoding="utf-8"?><testsuites name="pytest tests"><testsuite name="pytest" errors="0" failures="0" skipped="0" tests="15" time="16.168" timestamp="2026-06-01T03:14:00.740257+00:00" hostname="agent-env-7242fa2b-ef59-4f63-8905-dade8d44b7d2"><testcase classname="backend.tests.backend_test.TestAuth" name="test_request_magic_link_admin_returns_dev_token" time="1.238" /><testcase classname="backend.tests.backend_test.TestAuth" name="test_request_magic_link_non_admin_silent" time="0.124" /><testcase classname="backend.tests.backend_test.TestAuth" name="test_verify_magic_link_single_use" time="0.501" /><testcase classname="backend.tests.backend_test.TestAuth" name="test_verify_invalid_token" time="0.110" /><testcase classname="backend.tests.backend_test.TestAuth" name="test_me_requires_auth" time="0.102" /><testcase classname="backend.tests.backend_test.TestAuth" name="test_me_with_jwt" time="0.578" /><testcase classname="backend.tests.backend_test.TestRateCard" name="test_rate_card_values" time="0.127" /><testcase classname="backend.tests.backend_test.TestFamilies" name="test_family_crud" time="0.670" /><testcase classname="backend.tests.backend_test.TestFamilies" name="test_delete_family_blocks_when_athletes_exist" time="0.509" /><testcase classname="backend.tests.backend_test.TestAthletes" name="test_athlete_requires_existing_family" time="0.116" /><testcase classname="backend.tests.backend_test.TestAthletes" name="test_athlete_crud_and_filters" time="0.564" /><testcase classname="backend.tests.backend_test.TestSessionsAttendance" name="test_session_create_attendance_billing_and_overrides" time="1.785" /><testcase classname="backend.tests.backend_test.TestSessionsAttendance" name="test_session_list_date_filter" time="0.101" /><testcase classname="backend.tests.backend_test.TestSessionsAttendance" name="test_session_delete_cascades_attendance" time="0.558" /><testcase classname="backend.tests.backend_test.TestInvoices" name="test_invoice_generate_and_sequence" time="8.984" /></testsuite></testsuites>